Starting Stiff Scattering Spatial Convergence Test...

---------------------------------------------------------------------------
Fixed dt: 0.1 (200 steps)
Total Physical Time: 20.0
---------------------------------------------------------------------------
Solving for resolution: 32x32x32...
Solving for resolution: 64x64x64...
Solving for resolution: 128x128x128...
Solving for resolution: 256x256x256...
Solving for resolution: 512x512x512...
---------------------------------------------------------------------------

Calculating Spatial Convergence Metrics Across Entire Timeline...

Ground Truth Resolution: 512x512x512
Resolution      | Max Peak Error     | Time-Avg Error     | Max Pack Diff (%)
--------------------------------------------------------------------------------
32x32x32        | 8.975851e+00       | 4.492648e+00       | 897.585076 %
64x64x64        | 1.465360e-01       | 8.738933e-02       | 14.653601 %
128x128x128     | 2.336751e-02       | 1.271546e-02       | 2.336751 %
256x256x256     | 4.120911e-03       | 1.953933e-03       | 0.412091 %

Test Complete.
